<?xml version="1.0" encoding="UTF-8"?>
<!-- Generated by org.testng.reporters.JUnitXMLReporter -->
<testsuite hostname="CHE2J10XS2" ignored="0" name="EnterVehicleDataTest" tests="2" failures="0" timestamp="2023-01-24T11:51:22 IST" time="3.777" errors="0">
  <testcase name="enterVehicleData" time="3.346" classname="Testcases.VerifyEnterVehicleDataTab"/>
  <testcase name="enterVehicleData" time="0.129" classname="Testcases.VerifyEnterVehicleDataTab">
    <skipped/>
  </testcase> <!-- enterVehicleData -->
</testsuite> <!-- EnterVehicleDataTest -->
