<?xml version="1.0" encoding="UTF-8"?>
<!-- Generated by org.testng.reporters.JUnitXMLReporter -->
<testsuite hostname="CHE2J10XS2" ignored="0" name="SendQuoteTest" tests="2" failures="0" timestamp="2023-01-24T11:51:30 IST" time="1.278" errors="0">
  <testcase name="sendQuote" time="0.047" classname="Testcases.VerifySendQuoteTab">
    <skipped/>
  </testcase> <!-- sendQuote -->
  <testcase name="sendQuote" time="1.089" classname="Testcases.VerifySendQuoteTab"/>
</testsuite> <!-- SendQuoteTest -->
