<?xml version="1.0" encoding="UTF-8"?>
<!-- Generated by org.testng.reporters.JUnitXMLReporter -->
<testsuite hostname="CHE2J10XS2" ignored="0" name="Test1" tests="2" failures="2" timestamp="2023-01-07T12:31:11 IST" time="1.577" errors="0">
  <testcase name="homePageTitle" time="0.023" classname="Testcases.TestCase1">
    <failure type="java.lang.NullPointerException">
      <![CDATA[java.lang.NullPointerException
at Testcases.HomePage.homePageTitle(HomePage.java:10)
at Testcases.TestCase1.homePageTitle(TestCase1.java:12)
at java.util.ArrayList.forEach(ArrayList.java:1259)
... Removed 27 stack frames]]>
    </failure>
  </testcase> <!-- homePageTitle -->
  <testcase name="homePageTitle" time="1.541" classname="Testcases.TestCase1">
    <failure type="java.lang.NullPointerException">
      <![CDATA[java.lang.NullPointerException
at Utilities.ScreenshotUtil.CaptureScreenShot(ScreenshotUtil.java:20)
at Listeners.CustomListeners.onTestFailure(CustomListeners.java:41)
at java.util.ArrayList.forEach(ArrayList.java:1259)
... Removed 24 stack frames]]>
    </failure>
  </testcase> <!-- homePageTitle -->
</testsuite> <!-- Test1 -->
