<?xml version="1.0" encoding="UTF-8"?>
<testng-results skipped="2" failed="0" ignored="0" total="8" passed="6">
  <reporter-output>
  </reporter-output>
  <suite name="Suite" duration-ms="15880" started-at="2023-01-24T11:51:14 IST" finished-at="2023-01-24T11:51:30 IST">
    <groups>
    </groups>
    <test name="HomePageTitleTest" duration-ms="3870" started-at="2023-01-24T11:51:14 IST" finished-at="2023-01-24T11:51:18 IST">
      <class name="Testcases.VerifyHomePageTitle">
        <test-method status="PASS" signature="reportConfiguration()[pri:0, instance:Testcases.VerifyHomePageTitle@6a400542]" name="reportConfiguration" is-config="true" duration-ms="293" started-at="2023-01-24T11:51:14 IST" finished-at="2023-01-24T11:51:15 IST">
          <reporter-output>
          </reporter-output>
        </test-method> <!-- reportConfiguration -->
        <test-method status="PASS" signature="homePageTitle(java.util.Hashtable)[pri:0, instance:Testcases.VerifyHomePageTitle@6a400542]" name="homePageTitle" duration-ms="1645" started-at="2023-01-24T11:51:16 IST" data-provider="dp" finished-at="2023-01-24T11:51:18 IST">
          <params>
            <param index="0">
              <value>
                <![CDATA[{ExpectedTitle=Tricentis Vehicle Insurance}]]>
              </value>
            </param>
          </params>
          <reporter-output>
          </reporter-output>
        </test-method> <!-- homePageTitle -->
        <test-method status="PASS" signature="flushReport()[pri:0, instance:Testcases.VerifyHomePageTitle@6a400542]" name="flushReport" is-config="true" duration-ms="670" started-at="2023-01-24T11:51:18 IST" finished-at="2023-01-24T11:51:18 IST">
          <reporter-output>
          </reporter-output>
        </test-method> <!-- flushReport -->
      </class> <!-- Testcases.VerifyHomePageTitle -->
    </test> <!-- HomePageTitleTest -->
    <test name="EnterVehicleDataTest" duration-ms="3777" started-at="2023-01-24T11:51:18 IST" finished-at="2023-01-24T11:51:22 IST">
      <class name="Testcases.VerifyEnterVehicleDataTab">
        <test-method status="PASS" signature="reportConfiguration()[pri:0, instance:Testcases.VerifyEnterVehicleDataTab@708f5957]" name="reportConfiguration" is-config="true" duration-ms="0" started-at="2023-01-24T11:51:18 IST" finished-at="2023-01-24T11:51:18 IST">
          <reporter-output>
          </reporter-output>
        </test-method> <!-- reportConfiguration -->
        <test-method status="PASS" signature="enterVehicleData(java.util.Hashtable)[pri:0, instance:Testcases.VerifyEnterVehicleDataTab@708f5957]" name="enterVehicleData" duration-ms="3346" started-at="2023-01-24T11:51:19 IST" data-provider="dp" finished-at="2023-01-24T11:51:22 IST">
          <params>
            <param index="0">
              <value>
                <![CDATA[{AnnualMileage=200, NumberOfSeats=3, DateOfManufacture=10/10/20, ListPrice=500, Make=Audi, FuelType=Diesel, EnginePerformance=1000, RunMode=yes, LicensePlateNumber=AA123}]]>
              </value>
            </param>
          </params>
          <reporter-output>
          </reporter-output>
        </test-method> <!-- enterVehicleData -->
        <test-method status="SKIP" signature="enterVehicleData(java.util.Hashtable)[pri:0, instance:Testcases.VerifyEnterVehicleDataTab@708f5957]" name="enterVehicleData" duration-ms="129" started-at="2023-01-24T11:51:22 IST" data-provider="dp" finished-at="2023-01-24T11:51:22 IST">
          <params>
            <param index="0">
              <value>
                <![CDATA[{AnnualMileage=200, NumberOfSeats=3, DateOfManufacture=9/1/22, ListPrice=500, Make=Audi, FuelType=Diesel, EnginePerformance=1000, RunMode=no, LicensePlateNumber=AA123}]]>
              </value>
            </param>
          </params>
          <exception class="org.testng.SkipException">
            <message>
              <![CDATA[Skipping the test data as the run mode is NO {AnnualMileage=200, NumberOfSeats=3, DateOfManufacture=9/1/22, ListPrice=500, Make=Audi, FuelType=Diesel, EnginePerformance=1000, RunMode=no, LicensePlateNumber=AA123}]]>
            </message>
            <full-stacktrace>
              <![CDATA[org.testng.SkipException: Skipping the test data as the run mode is NO {AnnualMileage=200, NumberOfSeats=3, DateOfManufacture=9/1/22, ListPrice=500, Make=Audi, FuelType=Diesel, EnginePerformance=1000, RunMode=no, LicensePlateNumber=AA123}
at Testcases.VerifyEnterVehicleDataTab.enterVehicleData(VerifyEnterVehicleDataTab.java:68)
at sun.reflect.NativeMethodAccessorImpl.invoke0(Native Method)
at sun.reflect.NativeMethodAccessorImpl.invoke(NativeMethodAccessorImpl.java:62)
at sun.reflect.DelegatingMethodAccessorImpl.invoke(DelegatingMethodAccessorImpl.java:43)
at java.lang.reflect.Method.invoke(Method.java:498)
at org.testng.internal.MethodInvocationHelper.invokeMethod(MethodInvocationHelper.java:133)
at org.testng.internal.TestInvoker.invokeMethod(TestInvoker.java:598)
at org.testng.internal.TestInvoker.invokeTestMethod(TestInvoker.java:173)
at org.testng.internal.MethodRunner.runInSequence(MethodRunner.java:46)
at org.testng.internal.TestInvoker$MethodInvocationAgent.invoke(TestInvoker.java:824)
at org.testng.internal.TestInvoker.invokeTestMethods(TestInvoker.java:146)
at org.testng.internal.TestMethodWorker.invokeTestMethods(TestMethodWorker.java:146)
at org.testng.internal.TestMethodWorker.run(TestMethodWorker.java:128)
at java.util.ArrayList.forEach(ArrayList.java:1259)
at org.testng.TestRunner.privateRun(TestRunner.java:794)
at org.testng.TestRunner.run(TestRunner.java:596)
at org.testng.SuiteRunner.runTest(SuiteRunner.java:377)
at org.testng.SuiteRunner.runSequentially(SuiteRunner.java:371)
at org.testng.SuiteRunner.privateRun(SuiteRunner.java:332)
at org.testng.SuiteRunner.run(SuiteRunner.java:276)
at org.testng.SuiteRunnerWorker.runSuite(SuiteRunnerWorker.java:53)
at org.testng.SuiteRunnerWorker.run(SuiteRunnerWorker.java:96)
at org.testng.TestNG.runSuitesSequentially(TestNG.java:1212)
at org.testng.TestNG.runSuitesLocally(TestNG.java:1134)
at org.testng.TestNG.runSuites(TestNG.java:1063)
at org.testng.TestNG.run(TestNG.java:1031)
at org.testng.remote.AbstractRemoteTestNG.run(AbstractRemoteTestNG.java:115)
at org.testng.remote.RemoteTestNG.initAndRun(RemoteTestNG.java:251)
at org.testng.remote.RemoteTestNG.main(RemoteTestNG.java:77)
]]>
            </full-stacktrace>
          </exception> <!-- org.testng.SkipException -->
          <reporter-output>
          </reporter-output>
        </test-method> <!-- enterVehicleData -->
        <test-method status="PASS" signature="flushReport()[pri:0, instance:Testcases.VerifyEnterVehicleDataTab@708f5957]" name="flushReport" is-config="true" duration-ms="71" started-at="2023-01-24T11:51:22 IST" finished-at="2023-01-24T11:51:22 IST">
          <reporter-output>
          </reporter-output>
        </test-method> <!-- flushReport -->
      </class> <!-- Testcases.VerifyEnterVehicleDataTab -->
    </test> <!-- EnterVehicleDataTest -->
    <test name="EnterInsurantDataTest" duration-ms="3008" started-at="2023-01-24T11:51:22 IST" finished-at="2023-01-24T11:51:25 IST">
      <class name="Testcases.VerifyEnterInsurantDataTab">
        <test-method status="PASS" signature="reportConfiguration()[pri:0, instance:Testcases.VerifyEnterInsurantDataTab@61df66b6]" name="reportConfiguration" is-config="true" duration-ms="0" started-at="2023-01-24T11:51:22 IST" finished-at="2023-01-24T11:51:22 IST">
          <reporter-output>
          </reporter-output>
        </test-method> <!-- reportConfiguration -->
        <test-method status="PASS" signature="enterInsurantData(java.util.Hashtable)[pri:0, instance:Testcases.VerifyEnterInsurantDataTab@61df66b6]" name="enterInsurantData" duration-ms="2857" started-at="2023-01-24T11:51:22 IST" data-provider="dp" finished-at="2023-01-24T11:51:25 IST">
          <params>
            <param index="0">
              <value>
                <![CDATA[{Occupation=Employee, StreetAddress=Address1, LastName=Prabhu, RunMode=yes, City=city1, ZipCode=1234567, Hobbies=Speeding,BungeeJumping,CliffDiving, FirstName=Ram, Gender=Male, Country=Afghanistan, DateOfBirth=12/11/01}]]>
              </value>
            </param>
          </params>
          <reporter-output>
          </reporter-output>
        </test-method> <!-- enterInsurantData -->
        <test-method status="PASS" signature="flushReport()[pri:0, instance:Testcases.VerifyEnterInsurantDataTab@61df66b6]" name="flushReport" is-config="true" duration-ms="54" started-at="2023-01-24T11:51:25 IST" finished-at="2023-01-24T11:51:25 IST">
          <reporter-output>
          </reporter-output>
        </test-method> <!-- flushReport -->
      </class> <!-- Testcases.VerifyEnterInsurantDataTab -->
    </test> <!-- EnterInsurantDataTest -->
    <test name="EnterProductDataTest" duration-ms="2658" started-at="2023-01-24T11:51:25 IST" finished-at="2023-01-24T11:51:28 IST">
      <class name="Testcases.VerifyEnterProductDataTab">
        <test-method status="PASS" signature="reportConfiguration()[pri:0, instance:Testcases.VerifyEnterProductDataTab@6a192cfe]" name="reportConfiguration" is-config="true" duration-ms="0" started-at="2023-01-24T11:51:25 IST" finished-at="2023-01-24T11:51:25 IST">
          <reporter-output>
          </reporter-output>
        </test-method> <!-- reportConfiguration -->
        <test-method status="PASS" signature="enterProductData(java.util.Hashtable)[pri:0, instance:Testcases.VerifyEnterProductDataTab@6a192cfe]" name="enterProductData" duration-ms="2509" started-at="2023-01-24T11:51:25 IST" data-provider="dp" finished-at="2023-01-24T11:51:28 IST">
          <params>
            <param index="0">
              <value>
                <![CDATA[{RunMode=yes, OptionalProducts=EuroProtection,LegalDefenseInsurance, MeritRating=Bonus 4, DamageInsurance=Partial Coverage, InsuranceSum=3.000.000,00, CourtesyCar=No, StartDate=3/12/23}]]>
              </value>
            </param>
          </params>
          <reporter-output>
          </reporter-output>
        </test-method> <!-- enterProductData -->
        <test-method status="PASS" signature="flushReport()[pri:0, instance:Testcases.VerifyEnterProductDataTab@6a192cfe]" name="flushReport" is-config="true" duration-ms="82" started-at="2023-01-24T11:51:28 IST" finished-at="2023-01-24T11:51:28 IST">
          <reporter-output>
          </reporter-output>
        </test-method> <!-- flushReport -->
      </class> <!-- Testcases.VerifyEnterProductDataTab -->
    </test> <!-- EnterProductDataTest -->
    <test name="SelectPriceOptionTest" duration-ms="1178" started-at="2023-01-24T11:51:28 IST" finished-at="2023-01-24T11:51:29 IST">
      <class name="Testcases.VerifySelectPriceOptionTab">
        <test-method status="PASS" signature="reportConfiguration()[pri:0, instance:Testcases.VerifySelectPriceOptionTab@7714e963]" name="reportConfiguration" is-config="true" duration-ms="0" started-at="2023-01-24T11:51:28 IST" finished-at="2023-01-24T11:51:28 IST">
          <reporter-output>
          </reporter-output>
        </test-method> <!-- reportConfiguration -->
        <test-method status="PASS" signature="selectPriceOption(java.util.Hashtable)[pri:0, instance:Testcases.VerifySelectPriceOptionTab@7714e963]" name="selectPriceOption" duration-ms="1034" started-at="2023-01-24T11:51:28 IST" data-provider="dp" finished-at="2023-01-24T11:51:29 IST">
          <params>
            <param index="0">
              <value>
                <![CDATA[{PriceOption=Ultimate, RunMode=yes}]]>
              </value>
            </param>
          </params>
          <reporter-output>
          </reporter-output>
        </test-method> <!-- selectPriceOption -->
        <test-method status="PASS" signature="flushReport()[pri:0, instance:Testcases.VerifySelectPriceOptionTab@7714e963]" name="flushReport" is-config="true" duration-ms="37" started-at="2023-01-24T11:51:29 IST" finished-at="2023-01-24T11:51:29 IST">
          <reporter-output>
          </reporter-output>
        </test-method> <!-- flushReport -->
      </class> <!-- Testcases.VerifySelectPriceOptionTab -->
    </test> <!-- SelectPriceOptionTest -->
    <test name="SendQuoteTest" duration-ms="1278" started-at="2023-01-24T11:51:29 IST" finished-at="2023-01-24T11:51:30 IST">
      <class name="Testcases.VerifyEnterInsurantDataTab">
        <test-method status="PASS" signature="browserSetUp()[pri:0, instance:Testcases.VerifyEnterInsurantDataTab@61df66b6]" name="browserSetUp" is-config="true" duration-ms="0" started-at="2023-01-24T11:51:14 IST" finished-at="2023-01-24T11:51:14 IST">
          <reporter-output>
          </reporter-output>
        </test-method> <!-- browserSetUp -->
        <test-method status="PASS" signature="quitBrowser()[pri:0, instance:Testcases.VerifyEnterInsurantDataTab@61df66b6]" name="quitBrowser" is-config="true" duration-ms="0" started-at="2023-01-24T11:51:31 IST" finished-at="2023-01-24T11:51:31 IST">
          <reporter-output>
          </reporter-output>
        </test-method> <!-- quitBrowser -->
      </class> <!-- Testcases.VerifyEnterInsurantDataTab -->
      <class name="Testcases.VerifyEnterVehicleDataTab">
        <test-method status="PASS" signature="browserSetUp()[pri:0, instance:Testcases.VerifyEnterVehicleDataTab@708f5957]" name="browserSetUp" is-config="true" duration-ms="1" started-at="2023-01-24T11:51:14 IST" finished-at="2023-01-24T11:51:14 IST">
          <reporter-output>
          </reporter-output>
        </test-method> <!-- browserSetUp -->
        <test-method status="PASS" signature="quitBrowser()[pri:0, instance:Testcases.VerifyEnterVehicleDataTab@708f5957]" name="quitBrowser" is-config="true" duration-ms="0" started-at="2023-01-24T11:51:31 IST" finished-at="2023-01-24T11:51:31 IST">
          <reporter-output>
          </reporter-output>
        </test-method> <!-- quitBrowser -->
      </class> <!-- Testcases.VerifyEnterVehicleDataTab -->
      <class name="Testcases.VerifySendQuoteTab">
        <test-method status="PASS" signature="browserSetUp()[pri:0, instance:Testcases.VerifySendQuoteTab@5f058f00]" name="browserSetUp" is-config="true" duration-ms="0" started-at="2023-01-24T11:51:14 IST" finished-at="2023-01-24T11:51:14 IST">
          <reporter-output>
          </reporter-output>
        </test-method> <!-- browserSetUp -->
        <test-method status="PASS" signature="reportConfiguration()[pri:0, instance:Testcases.VerifySendQuoteTab@5f058f00]" name="reportConfiguration" is-config="true" duration-ms="0" started-at="2023-01-24T11:51:29 IST" finished-at="2023-01-24T11:51:29 IST">
          <reporter-output>
          </reporter-output>
        </test-method> <!-- reportConfiguration -->
        <test-method status="SKIP" signature="sendQuote(java.util.Hashtable)[pri:0, instance:Testcases.VerifySendQuoteTab@5f058f00]" name="sendQuote" duration-ms="47" started-at="2023-01-24T11:51:29 IST" data-provider="dp" finished-at="2023-01-24T11:51:29 IST">
          <params>
            <param index="0">
              <value>
                <![CDATA[{RunMode=no, Password=qwerty, ConfirmPassword=qwerty123, Phone=1234567890, UserName=Ra, Email=abcdgmailcom, Comments=Automation Testing}]]>
              </value>
            </param>
          </params>
          <exception class="org.testng.SkipException">
            <message>
              <![CDATA[Skipping the test data as the run mode is NO {RunMode=no, Password=qwerty, ConfirmPassword=qwerty123, Phone=1234567890, UserName=Ra, Email=abcdgmailcom, Comments=Automation Testing}]]>
            </message>
            <full-stacktrace>
              <![CDATA[org.testng.SkipException: Skipping the test data as the run mode is NO {RunMode=no, Password=qwerty, ConfirmPassword=qwerty123, Phone=1234567890, UserName=Ra, Email=abcdgmailcom, Comments=Automation Testing}
at Testcases.VerifySendQuoteTab.sendQuote(VerifySendQuoteTab.java:68)
at sun.reflect.NativeMethodAccessorImpl.invoke0(Native Method)
at sun.reflect.NativeMethodAccessorImpl.invoke(NativeMethodAccessorImpl.java:62)
at sun.reflect.DelegatingMethodAccessorImpl.invoke(DelegatingMethodAccessorImpl.java:43)
at java.lang.reflect.Method.invoke(Method.java:498)
at org.testng.internal.MethodInvocationHelper.invokeMethod(MethodInvocationHelper.java:133)
at org.testng.internal.TestInvoker.invokeMethod(TestInvoker.java:598)
at org.testng.internal.TestInvoker.invokeTestMethod(TestInvoker.java:173)
at org.testng.internal.MethodRunner.runInSequence(MethodRunner.java:46)
at org.testng.internal.TestInvoker$MethodInvocationAgent.invoke(TestInvoker.java:824)
at org.testng.internal.TestInvoker.invokeTestMethods(TestInvoker.java:146)
at org.testng.internal.TestMethodWorker.invokeTestMethods(TestMethodWorker.java:146)
at org.testng.internal.TestMethodWorker.run(TestMethodWorker.java:128)
at java.util.ArrayList.forEach(ArrayList.java:1259)
at org.testng.TestRunner.privateRun(TestRunner.java:794)
at org.testng.TestRunner.run(TestRunner.java:596)
at org.testng.SuiteRunner.runTest(SuiteRunner.java:377)
at org.testng.SuiteRunner.runSequentially(SuiteRunner.java:371)
at org.testng.SuiteRunner.privateRun(SuiteRunner.java:332)
at org.testng.SuiteRunner.run(SuiteRunner.java:276)
at org.testng.SuiteRunnerWorker.runSuite(SuiteRunnerWorker.java:53)
at org.testng.SuiteRunnerWorker.run(SuiteRunnerWorker.java:96)
at org.testng.TestNG.runSuitesSequentially(TestNG.java:1212)
at org.testng.TestNG.runSuitesLocally(TestNG.java:1134)
at org.testng.TestNG.runSuites(TestNG.java:1063)
at org.testng.TestNG.run(TestNG.java:1031)
at org.testng.remote.AbstractRemoteTestNG.run(AbstractRemoteTestNG.java:115)
at org.testng.remote.RemoteTestNG.initAndRun(RemoteTestNG.java:251)
at org.testng.remote.RemoteTestNG.main(RemoteTestNG.java:77)
]]>
            </full-stacktrace>
          </exception> <!-- org.testng.SkipException -->
          <reporter-output>
          </reporter-output>
        </test-method> <!-- sendQuote -->
        <test-method status="PASS" signature="sendQuote(java.util.Hashtable)[pri:0, instance:Testcases.VerifySendQuoteTab@5f058f00]" name="sendQuote" duration-ms="1089" started-at="2023-01-24T11:51:29 IST" data-provider="dp" finished-at="2023-01-24T11:51:30 IST">
          <params>
            <param index="0">
              <value>
                <![CDATA[{RunMode=yes, Password=Qwerty@33, ConfirmPassword=Qwerty@33, Phone=9988776655, UserName=prabhu, Email=abcd@gmail.com, Comments=Automation Testing}]]>
              </value>
            </param>
          </params>
          <reporter-output>
          </reporter-output>
        </test-method> <!-- sendQuote -->
        <test-method status="PASS" signature="flushReport()[pri:0, instance:Testcases.VerifySendQuoteTab@5f058f00]" name="flushReport" is-config="true" duration-ms="95" started-at="2023-01-24T11:51:30 IST" finished-at="2023-01-24T11:51:30 IST">
          <reporter-output>
          </reporter-output>
        </test-method> <!-- flushReport -->
        <test-method status="PASS" signature="quitBrowser()[pri:0, instance:Testcases.VerifySendQuoteTab@5f058f00]" name="quitBrowser" is-config="true" duration-ms="0" started-at="2023-01-24T11:51:31 IST" finished-at="2023-01-24T11:51:31 IST">
          <reporter-output>
          </reporter-output>
        </test-method> <!-- quitBrowser -->
      </class> <!-- Testcases.VerifySendQuoteTab -->
      <class name="Testcases.VerifyHomePageTitle">
        <test-method status="PASS" signature="browserSetUp()[pri:0, instance:Testcases.VerifyHomePageTitle@6a400542]" name="browserSetUp" is-config="true" duration-ms="12984" started-at="2023-01-24T11:51:01 IST" finished-at="2023-01-24T11:51:14 IST">
          <reporter-output>
          </reporter-output>
        </test-method> <!-- browserSetUp -->
        <test-method status="PASS" signature="quitBrowser()[pri:0, instance:Testcases.VerifyHomePageTitle@6a400542]" name="quitBrowser" is-config="true" duration-ms="813" started-at="2023-01-24T11:51:30 IST" finished-at="2023-01-24T11:51:31 IST">
          <reporter-output>
          </reporter-output>
        </test-method> <!-- quitBrowser -->
      </class> <!-- Testcases.VerifyHomePageTitle -->
      <class name="Testcases.VerifyEnterProductDataTab">
        <test-method status="PASS" signature="browserSetUp()[pri:0, instance:Testcases.VerifyEnterProductDataTab@6a192cfe]" name="browserSetUp" is-config="true" duration-ms="0" started-at="2023-01-24T11:51:14 IST" finished-at="2023-01-24T11:51:14 IST">
          <reporter-output>
          </reporter-output>
        </test-method> <!-- browserSetUp -->
        <test-method status="PASS" signature="quitBrowser()[pri:0, instance:Testcases.VerifyEnterProductDataTab@6a192cfe]" name="quitBrowser" is-config="true" duration-ms="0" started-at="2023-01-24T11:51:31 IST" finished-at="2023-01-24T11:51:31 IST">
          <reporter-output>
          </reporter-output>
        </test-method> <!-- quitBrowser -->
      </class> <!-- Testcases.VerifyEnterProductDataTab -->
      <class name="Testcases.VerifySelectPriceOptionTab">
        <test-method status="PASS" signature="browserSetUp()[pri:0, instance:Testcases.VerifySelectPriceOptionTab@7714e963]" name="browserSetUp" is-config="true" duration-ms="0" started-at="2023-01-24T11:51:14 IST" finished-at="2023-01-24T11:51:14 IST">
          <reporter-output>
          </reporter-output>
        </test-method> <!-- browserSetUp -->
        <test-method status="PASS" signature="quitBrowser()[pri:0, instance:Testcases.VerifySelectPriceOptionTab@7714e963]" name="quitBrowser" is-config="true" duration-ms="0" started-at="2023-01-24T11:51:31 IST" finished-at="2023-01-24T11:51:31 IST">
          <reporter-output>
          </reporter-output>
        </test-method> <!-- quitBrowser -->
      </class> <!-- Testcases.VerifySelectPriceOptionTab -->
    </test> <!-- SendQuoteTest -->
  </suite> <!-- Suite -->
</testng-results>
